{
  "0 debug pnpm:scope": {
    "selected": 1
  },
  "1 debug pnpm:package-manifest": {
    "initial": {
      "name": "equiplan-react",
      "version": "0.1.0",
      "private": true,
      "dependencies": {
        "@emotion/react": "^11.4.1",
        "@emotion/styled": "^11.3.0",
        "@material-ui/core": "^4.12.3",
        "@material-ui/icons": "^4.11.2",
        "@mui/icons-material": "^5.0.1",
        "@mui/material": "^5.0.2",
        "@testing-library/jest-dom": "^5.14.1",
        "@testing-library/react": "^11.2.7",
        "@testing-library/user-event": "^12.8.3",
        "bootstrap": "^5.1.1",
        "react": "^17.0.2",
        "react-bootstrap": "^2.0.0-rc.0",
        "react-cool-img": "^1.2.12",
        "react-dom": "^17.0.2",
        "react-ga": "^3.3.0",
        "react-helmet": "^6.1.0",
        "react-optimized-image": "^0.4.1",
        "react-router": "^5.2.1",
        "react-router-dom": "^5.3.0",
        "react-scripts": "4.0.3",
        "web-vitals": "^1.1.2"
      },
      "scripts": {
        "start": "react-scripts start",
        "build": "react-scripts build",
        "test": "react-scripts test",
        "eject": "react-scripts eject",
        "predeploy": "npm run build",
        "deploy": "gh-pages -d build"
      },
      "eslintConfig": {
        "extends": [
          "react-app",
          "react-app/jest"
        ]
      },
      "browserslist": {
        "production": [
          ">0.2%",
          "not dead",
          "not op_mini all"
        ],
        "development": [
          "last 1 chrome version",
          "last 1 firefox version",
          "last 1 safari version"
        ]
      },
      "devDependencies": {
        "gh-pages": "^3.2.3"
      }
    },
    "prefix": "C:\\github\\equiplan_react"
  },
  "2 debug pnpm:context": {
    "currentLockfileExists": false,
    "storeDir": "C:\\Users\\Peter\\AppData\\Local\\pnpm\\store\\v3",
    "virtualStoreDir": "C:\\github\\equiplan_react\\node_modules\\.pnpm"
  },
  "3 debug pnpm:stage": {
    "prefix": "C:\\github\\equiplan_react",
    "stage": "resolution_started"
  },
  "4 debug pnpm:_dependency_resolved": {
    "resolution": "registry.npmjs.org/bootstrap/5.1.3",
    "wanted": {
      "dependentId": ".",
      "name": "bootstrap",
      "rawSpec": "^5.1.1"
    }
  },
  "5 debug pnpm:progress": {
    "packageId": "registry.npmjs.org/bootstrap/5.1.3",
    "requester": "C:\\github\\equiplan_react",
    "status": "resolved"
  },
  "6 error pnpm": {
    "code": "ENOENT",
    "pkgsStack": [],
    "err": {
      "name": "pnpm",
      "message": "not found: node",
      "code": "ENOENT",
      "stack": "pnpm: not found: node\n    at getNotFoundError (C:\\snapshot\\dist\\pnpm.cjs)\n    at Function.whichSync [as sync] (C:\\snapshot\\dist\\pnpm.cjs)\n    at getCommandAbsolutePathSync (C:\\snapshot\\dist\\pnpm.cjs)\n    at Object.sync (C:\\snapshot\\dist\\pnpm.cjs)\n    at getSystemNodeVersionNonCached (C:\\snapshot\\dist\\pnpm.cjs)\n    at getSystemNodeVersionNonCached (C:\\snapshot\\dist\\pnpm.cjs)\n    at checkPackage (C:\\snapshot\\dist\\pnpm.cjs)\n    at packageIsInstallable (C:\\snapshot\\dist\\pnpm.cjs)\n    at resolveAndFetch (C:\\snapshot\\dist\\pnpm.cjs)\n    at processTicksAndRejections (internal/process/task_queues.js:95:5)"
    }
  }
}